Added Component: Designator=P?(HDR1X4)
Add component. Clean all parameters for all variants
Add component (AddParameter): Name = "LatestRevisionDate"; Value = "17-Jul-2002"; VariantName = "[No Variations]"
Add component (AddParameter): Name = "LatestRevisionNote"; Value = "Re-released for DXP Platform."; VariantName = "[No Variations]"
Add component (AddParameter): Name = "Publisher"; Value = "Altium Limited"; VariantName = "[No Variations]"
Added Pin To Net: NetName=DS1 Pin=U?-13
Added Net: Name=DS1
Added Pin To Net: NetName=DS2 Pin=U?-12
Added Net: Name=DS2
Added Pin To Net: NetName=DS3 Pin=U?-11
Added Net: Name=DS3
Added Pin To Net: NetName=DS4 Pin=U?-10
Added Net: Name=DS4
Added Pin To Net: NetName=DS5 Pin=U?-9
Added Net: Name=DS5
Added Pin To Net: NetName=DS6 Pin=U?-8
Added Net: Name=DS6
Added Pin To Net: NetName=DS8 Pin=U?-6
Added Net: Name=DS8
Added Pin To Net: NetName=DS9 Pin=U?-5
Added Net: Name=DS9
Added Pin To Net: NetName=Echo-2 Pin=U?-15
Added Pin To Net: NetName=Echo-2 Pin=U?-19
Added Net: Name=Echo-2
Added Pin To Net: NetName=GND Pin=U?-29
Added Net: Name=GND
Added Pin To Net: NetName=PB1 Pin=U?-26
Added Net: Name=PB1
Added Pin To Net: NetName=PB2 Pin=U?-25
Added Net: Name=PB2
Added Pin To Net: NetName=RX Pin=U?-2
Added Net: Name=RX
Added Pin To Net: NetName=Trig-1 Pin=U?-14
Added Pin To Net: NetName=Trig-1 Pin=U?-20
Added Net: Name=Trig-1
Added Pin To Net: NetName=TX Pin=U?-1
Added Net: Name=TX
Added Pin To Net: NetName=VinA Pin=U?-30
Added Net: Name=VinA
Added Member To Class: ClassName=stairs_control_schematic Member=Component P? Header 4
Added Room: Name=stairs_control_schematic
