Change Component Comment : Designator=P? Old Comment=Header 4 New Comment=Bluetooth
Change Component Designator: OldDesignator=? NewDesignator=REGU-5V
Change Component Designator: OldDesignator=J? NewDesignator=J1
Change Component Designator: OldDesignator=P? NewDesignator=P1
Added Component: Designator=C1(CAPR5-4X5)
Add component. Clean all parameters for all variants
Add component (AddParameter): Name = "PackageDescription"; Value = "Capacitor; 2 Leads"; VariantName = "[No Variations]"
Add component (AddParameter): Name = "PackageReference"; Value = "CAPR5-4X5"; VariantName = "[No Variations]"
Add component (AddParameter): Name = "Published"; Value = "23-Sep-2002"; VariantName = "[No Variations]"
Add component (AddParameter): Name = "Publisher"; Value = "Altium Limited"; VariantName = "[No Variations]"
Add component (AddParameter): Name = "Value"; Value = "100uF"; VariantName = "[No Variations]"
Added Pin To Net: NetName=VinA Pin=C1-1
Added Pin To Net: NetName=GND Pin=C1-2
Added Pin To Net: NetName=GND Pin=J1-2
Added Pin To Net: NetName=GND Pin=REGU-5V-2
Added Pin To Net: NetName=VinA Pin=REGU-5V-3
Added Pin To Net: NetName=NetJ1_1 Pin=J1-1
Added Pin To Net: NetName=NetJ1_1 Pin=REGU-5V-1
Added Net: Name=NetJ1_1
Added Member To Class: ClassName=stairs_control_schematic Member=Component C1 
Added Member To Class: ClassName=stairs_control_schematic Member=Component D? THT INT
Added Member To Class: ClassName=stairs_control_schematic Member=Component REGU-5V LM7805
