Removed Pin From Net: NetName=Out-1 Pin=R16-2
Removed Pin From Net: NetName=Out-1 Pin=R18-2
Removed Pin From Net: NetName=Out-1 Pin=R23-2
Removed Pin From Net: NetName=Out-1 Pin=R25-2
Removed Pin From Net: NetName=Out-1 Pin=R27-2
Removed Pin From Net: NetName=Out-1 Pin=R32-2
Removed Pin From Net: NetName=Out-1 Pin=R34-2
Removed Pin From Net: NetName=Out-1 Pin=R36-2
Removed Pin From Net: NetName=Out-1 Pin=T2-2
Removed Pin From Net: NetName=Out-1 Pin=T3-2
Removed Pin From Net: NetName=Out-1 Pin=T4-2
Removed Pin From Net: NetName=Out-1 Pin=T5-2
Removed Pin From Net: NetName=Out-1 Pin=T6-2
Removed Pin From Net: NetName=Out-1 Pin=T7-2
Removed Pin From Net: NetName=Out-1 Pin=T8-2
Removed Pin From Net: NetName=Out-1 Pin=T9-2
Added Pin To Net: NetName=Out-2 Pin=R16-2
Added Pin To Net: NetName=Out-3 Pin=R18-2
Added Pin To Net: NetName=Out-4 Pin=R23-2
Added Pin To Net: NetName=Out-5 Pin=R25-2
Added Pin To Net: NetName=Out-6 Pin=R27-2
Added Pin To Net: NetName=Out-7 Pin=R32-2
Added Pin To Net: NetName=Out-8 Pin=R34-2
Added Pin To Net: NetName=Out-9 Pin=R36-2
Added Pin To Net: NetName=Out-2 Pin=T2-2
Added Pin To Net: NetName=Out-3 Pin=T3-2
Added Pin To Net: NetName=Out-4 Pin=T4-2
Added Pin To Net: NetName=Out-5 Pin=T5-2
Added Pin To Net: NetName=Out-6 Pin=T6-2
Added Pin To Net: NetName=Out-7 Pin=T7-2
Added Pin To Net: NetName=Out-8 Pin=T8-2
Added Pin To Net: NetName=Out-9 Pin=T9-2
Added Room: Name=stairs_control_schematic
